{
  "Event": {
    "#attributes": {
      "xmlns": "http://schemas.microsoft.com/win/2004/08/events/event"
    },
    "System": {
      "Provider": {
        "#attributes": {
          "Name": "Microsoft-Windows-Sysmon",
          "Guid": "5770385F-C22A-43E0-BF4C-06F5698FFBD9"
        }
      },
      "EventID": 1,
      "Version": 5,
      "Level": 4,
      "Task": 1,
      "Opcode": 0,
      "Keywords": "0x8000000000000000",
      "TimeCreated": {
        "#attributes": {
          "SystemTime": "2026-07-10T21:27:55.013342Z"
        }
      },
      "EventRecordID": 39102,
      "Correlation": null,
      "Execution": {
        "#attributes": {
          "ProcessID": 3512,
          "ThreadID": 4068
        }
      },
      "Channel": "Microsoft-Windows-Sysmon/Operational",
      "Computer": "swachchhanda",
      "Security": {
        "#attributes": {
          "UserID": "S-1-5-18"
        }
      }
    },
    "EventData": {
      "RuleName": "-",
      "UtcTime": "2026-07-10 21:27:55.008",
      "ProcessGuid": "0197231E-63DB-6A51-5402-000000000B00",
      "ProcessId": 960,
      "Image": "C:\\Windows\\System32\\regsvr32.exe",
      "FileVersion": "10.0.26100.2454 (WinBuild.160101.0800)",
      "Description": "Microsoft(C) Register Server",
      "Product": "Microsoft® Windows® Operating System",
      "Company": "Microsoft Corporation",
      "OriginalFileName": "REGSVR32.EXE",
      "CommandLine": "\"C:\\WINDOWS\\system32\\regsvr32.exe\" /s C:\\Windows\\Temp\\payload.pdf",
      "CurrentDirectory": "C:\\Users\\xodih\\",
      "User": "swachchhanda\\xodih",
      "LogonGuid": "0197231E-60B5-6A51-A9B0-060000000000",
      "LogonId": "0x6b0a9",
      "TerminalSessionId": 1,
      "IntegrityLevel": "Medium",
      "Hashes": "MD5=97EAEA180C46B80F073B7DB69C98295E,SHA256=45AED0898DF298DB21DB5DED14A9E924DF96A50FE4C54D277614A32A3B1F4BDD,IMPHASH=B97B463A890E3AC4F4046202A545DC97",
      "ParentProcessGuid": "0197231E-633B-6A51-3A02-000000000B00",
      "ParentProcessId": 4880,
      "ParentImage": "C:\\Windows\\System32\\WindowsPowerShell\\v1.0\\powershell.exe",
      "ParentCommandLine": "powershell",
      "ParentUser": "swachchhanda\\xodih"
    }
  }
}
{
  "Event": {
    "#attributes": {
      "xmlns": "http://schemas.microsoft.com/win/2004/08/events/event"
    },
    "System": {
      "Provider": {
        "#attributes": {
          "Name": "Microsoft-Windows-Sysmon",
          "Guid": "5770385F-C22A-43E0-BF4C-06F5698FFBD9"
        }
      },
      "EventID": 1,
      "Version": 5,
      "Level": 4,
      "Task": 1,
      "Opcode": 0,
      "Keywords": "0x8000000000000000",
      "TimeCreated": {
        "#attributes": {
          "SystemTime": "2026-07-10T21:27:55.023484Z"
        }
      },
      "EventRecordID": 39103,
      "Correlation": null,
      "Execution": {
        "#attributes": {
          "ProcessID": 3512,
          "ThreadID": 4068
        }
      },
      "Channel": "Microsoft-Windows-Sysmon/Operational",
      "Computer": "swachchhanda",
      "Security": {
        "#attributes": {
          "UserID": "S-1-5-18"
        }
      }
    },
    "EventData": {
      "RuleName": "-",
      "UtcTime": "2026-07-10 21:27:55.020",
      "ProcessGuid": "0197231E-63DB-6A51-5502-000000000B00",
      "ProcessId": 1996,
      "Image": "C:\\Windows\\System32\\regsvr32.exe",
      "FileVersion": "10.0.26100.2454 (WinBuild.160101.0800)",
      "Description": "Microsoft(C) Register Server",
      "Product": "Microsoft® Windows® Operating System",
      "Company": "Microsoft Corporation",
      "OriginalFileName": "REGSVR32.EXE",
      "CommandLine": "\"C:\\WINDOWS\\system32\\regsvr32.exe\" /s C:\\Windows\\Temp\\payload.docx",
      "CurrentDirectory": "C:\\Users\\xodih\\",
      "User": "swachchhanda\\xodih",
      "LogonGuid": "0197231E-60B5-6A51-A9B0-060000000000",
      "LogonId": "0x6b0a9",
      "TerminalSessionId": 1,
      "IntegrityLevel": "Medium",
      "Hashes": "MD5=97EAEA180C46B80F073B7DB69C98295E,SHA256=45AED0898DF298DB21DB5DED14A9E924DF96A50FE4C54D277614A32A3B1F4BDD,IMPHASH=B97B463A890E3AC4F4046202A545DC97",
      "ParentProcessGuid": "0197231E-633B-6A51-3A02-000000000B00",
      "ParentProcessId": 4880,
      "ParentImage": "C:\\Windows\\System32\\WindowsPowerShell\\v1.0\\powershell.exe",
      "ParentCommandLine": "powershell",
      "ParentUser": "swachchhanda\\xodih"
    }
  }
}
{
  "Event": {
    "#attributes": {
      "xmlns": "http://schemas.microsoft.com/win/2004/08/events/event"
    },
    "System": {
      "Provider": {
        "#attributes": {
          "Name": "Microsoft-Windows-Sysmon",
          "Guid": "5770385F-C22A-43E0-BF4C-06F5698FFBD9"
        }
      },
      "EventID": 1,
      "Version": 5,
      "Level": 4,
      "Task": 1,
      "Opcode": 0,
      "Keywords": "0x8000000000000000",
      "TimeCreated": {
        "#attributes": {
          "SystemTime": "2026-07-10T21:27:55.040260Z"
        }
      },
      "EventRecordID": 39104,
      "Correlation": null,
      "Execution": {
        "#attributes": {
          "ProcessID": 3512,
          "ThreadID": 4068
        }
      },
      "Channel": "Microsoft-Windows-Sysmon/Operational",
      "Computer": "swachchhanda",
      "Security": {
        "#attributes": {
          "UserID": "S-1-5-18"
        }
      }
    },
    "EventData": {
      "RuleName": "-",
      "UtcTime": "2026-07-10 21:27:55.030",
      "ProcessGuid": "0197231E-63DB-6A51-5602-000000000B00",
      "ProcessId": 2208,
      "Image": "C:\\Windows\\System32\\regsvr32.exe",
      "FileVersion": "10.0.26100.2454 (WinBuild.160101.0800)",
      "Description": "Microsoft(C) Register Server",
      "Product": "Microsoft® Windows® Operating System",
      "Company": "Microsoft Corporation",
      "OriginalFileName": "REGSVR32.EXE",
      "CommandLine": "\"C:\\WINDOWS\\system32\\regsvr32.exe\" /s C:\\Windows\\Temp\\payload.xlsx",
      "CurrentDirectory": "C:\\Users\\xodih\\",
      "User": "swachchhanda\\xodih",
      "LogonGuid": "0197231E-60B5-6A51-A9B0-060000000000",
      "LogonId": "0x6b0a9",
      "TerminalSessionId": 1,
      "IntegrityLevel": "Medium",
      "Hashes": "MD5=97EAEA180C46B80F073B7DB69C98295E,SHA256=45AED0898DF298DB21DB5DED14A9E924DF96A50FE4C54D277614A32A3B1F4BDD,IMPHASH=B97B463A890E3AC4F4046202A545DC97",
      "ParentProcessGuid": "0197231E-633B-6A51-3A02-000000000B00",
      "ParentProcessId": 4880,
      "ParentImage": "C:\\Windows\\System32\\WindowsPowerShell\\v1.0\\powershell.exe",
      "ParentCommandLine": "powershell",
      "ParentUser": "swachchhanda\\xodih"
    }
  }
}
{
  "Event": {
    "#attributes": {
      "xmlns": "http://schemas.microsoft.com/win/2004/08/events/event"
    },
    "System": {
      "Provider": {
        "#attributes": {
          "Name": "Microsoft-Windows-Sysmon",
          "Guid": "5770385F-C22A-43E0-BF4C-06F5698FFBD9"
        }
      },
      "EventID": 1,
      "Version": 5,
      "Level": 4,
      "Task": 1,
      "Opcode": 0,
      "Keywords": "0x8000000000000000",
      "TimeCreated": {
        "#attributes": {
          "SystemTime": "2026-07-10T21:27:55.041735Z"
        }
      },
      "EventRecordID": 39105,
      "Correlation": null,
      "Execution": {
        "#attributes": {
          "ProcessID": 3512,
          "ThreadID": 4068
        }
      },
      "Channel": "Microsoft-Windows-Sysmon/Operational",
      "Computer": "swachchhanda",
      "Security": {
        "#attributes": {
          "UserID": "S-1-5-18"
        }
      }
    },
    "EventData": {
      "RuleName": "-",
      "UtcTime": "2026-07-10 21:27:55.039",
      "ProcessGuid": "0197231E-63DB-6A51-5702-000000000B00",
      "ProcessId": 5144,
      "Image": "C:\\Windows\\System32\\regsvr32.exe",
      "FileVersion": "10.0.26100.2454 (WinBuild.160101.0800)",
      "Description": "Microsoft(C) Register Server",
      "Product": "Microsoft® Windows® Operating System",
      "Company": "Microsoft Corporation",
      "OriginalFileName": "REGSVR32.EXE",
      "CommandLine": "\"C:\\WINDOWS\\system32\\regsvr32.exe\" /s C:\\Windows\\Temp\\payload.png",
      "CurrentDirectory": "C:\\Users\\xodih\\",
      "User": "swachchhanda\\xodih",
      "LogonGuid": "0197231E-60B5-6A51-A9B0-060000000000",
      "LogonId": "0x6b0a9",
      "TerminalSessionId": 1,
      "IntegrityLevel": "Medium",
      "Hashes": "MD5=97EAEA180C46B80F073B7DB69C98295E,SHA256=45AED0898DF298DB21DB5DED14A9E924DF96A50FE4C54D277614A32A3B1F4BDD,IMPHASH=B97B463A890E3AC4F4046202A545DC97",
      "ParentProcessGuid": "0197231E-633B-6A51-3A02-000000000B00",
      "ParentProcessId": 4880,
      "ParentImage": "C:\\Windows\\System32\\WindowsPowerShell\\v1.0\\powershell.exe",
      "ParentCommandLine": "powershell",
      "ParentUser": "swachchhanda\\xodih"
    }
  }
}
{
  "Event": {
    "#attributes": {
      "xmlns": "http://schemas.microsoft.com/win/2004/08/events/event"
    },
    "System": {
      "Provider": {
        "#attributes": {
          "Name": "Microsoft-Windows-Sysmon",
          "Guid": "5770385F-C22A-43E0-BF4C-06F5698FFBD9"
        }
      },
      "EventID": 1,
      "Version": 5,
      "Level": 4,
      "Task": 1,
      "Opcode": 0,
      "Keywords": "0x8000000000000000",
      "TimeCreated": {
        "#attributes": {
          "SystemTime": "2026-07-10T21:27:55.055242Z"
        }
      },
      "EventRecordID": 39106,
      "Correlation": null,
      "Execution": {
        "#attributes": {
          "ProcessID": 3512,
          "ThreadID": 4068
        }
      },
      "Channel": "Microsoft-Windows-Sysmon/Operational",
      "Computer": "swachchhanda",
      "Security": {
        "#attributes": {
          "UserID": "S-1-5-18"
        }
      }
    },
    "EventData": {
      "RuleName": "-",
      "UtcTime": "2026-07-10 21:27:55.050",
      "ProcessGuid": "0197231E-63DB-6A51-5802-000000000B00",
      "ProcessId": 6964,
      "Image": "C:\\Windows\\System32\\regsvr32.exe",
      "FileVersion": "10.0.26100.2454 (WinBuild.160101.0800)",
      "Description": "Microsoft(C) Register Server",
      "Product": "Microsoft® Windows® Operating System",
      "Company": "Microsoft Corporation",
      "OriginalFileName": "REGSVR32.EXE",
      "CommandLine": "\"C:\\WINDOWS\\system32\\regsvr32.exe\" /s C:\\Windows\\Temp\\payload.jpg",
      "CurrentDirectory": "C:\\Users\\xodih\\",
      "User": "swachchhanda\\xodih",
      "LogonGuid": "0197231E-60B5-6A51-A9B0-060000000000",
      "LogonId": "0x6b0a9",
      "TerminalSessionId": 1,
      "IntegrityLevel": "Medium",
      "Hashes": "MD5=97EAEA180C46B80F073B7DB69C98295E,SHA256=45AED0898DF298DB21DB5DED14A9E924DF96A50FE4C54D277614A32A3B1F4BDD,IMPHASH=B97B463A890E3AC4F4046202A545DC97",
      "ParentProcessGuid": "0197231E-633B-6A51-3A02-000000000B00",
      "ParentProcessId": 4880,
      "ParentImage": "C:\\Windows\\System32\\WindowsPowerShell\\v1.0\\powershell.exe",
      "ParentCommandLine": "powershell",
      "ParentUser": "swachchhanda\\xodih"
    }
  }
}
{
  "Event": {
    "#attributes": {
      "xmlns": "http://schemas.microsoft.com/win/2004/08/events/event"
    },
    "System": {
      "Provider": {
        "#attributes": {
          "Name": "Microsoft-Windows-Sysmon",
          "Guid": "5770385F-C22A-43E0-BF4C-06F5698FFBD9"
        }
      },
      "EventID": 1,
      "Version": 5,
      "Level": 4,
      "Task": 1,
      "Opcode": 0,
      "Keywords": "0x8000000000000000",
      "TimeCreated": {
        "#attributes": {
          "SystemTime": "2026-07-10T21:27:55.064432Z"
        }
      },
      "EventRecordID": 39107,
      "Correlation": null,
      "Execution": {
        "#attributes": {
          "ProcessID": 3512,
          "ThreadID": 4068
        }
      },
      "Channel": "Microsoft-Windows-Sysmon/Operational",
      "Computer": "swachchhanda",
      "Security": {
        "#attributes": {
          "UserID": "S-1-5-18"
        }
      }
    },
    "EventData": {
      "RuleName": "-",
      "UtcTime": "2026-07-10 21:27:55.059",
      "ProcessGuid": "0197231E-63DB-6A51-5902-000000000B00",
      "ProcessId": 6988,
      "Image": "C:\\Windows\\System32\\regsvr32.exe",
      "FileVersion": "10.0.26100.2454 (WinBuild.160101.0800)",
      "Description": "Microsoft(C) Register Server",
      "Product": "Microsoft® Windows® Operating System",
      "Company": "Microsoft Corporation",
      "OriginalFileName": "REGSVR32.EXE",
      "CommandLine": "\"C:\\WINDOWS\\system32\\regsvr32.exe\" /s C:\\Windows\\Temp\\payload.mp4",
      "CurrentDirectory": "C:\\Users\\xodih\\",
      "User": "swachchhanda\\xodih",
      "LogonGuid": "0197231E-60B5-6A51-A9B0-060000000000",
      "LogonId": "0x6b0a9",
      "TerminalSessionId": 1,
      "IntegrityLevel": "Medium",
      "Hashes": "MD5=97EAEA180C46B80F073B7DB69C98295E,SHA256=45AED0898DF298DB21DB5DED14A9E924DF96A50FE4C54D277614A32A3B1F4BDD,IMPHASH=B97B463A890E3AC4F4046202A545DC97",
      "ParentProcessGuid": "0197231E-633B-6A51-3A02-000000000B00",
      "ParentProcessId": 4880,
      "ParentImage": "C:\\Windows\\System32\\WindowsPowerShell\\v1.0\\powershell.exe",
      "ParentCommandLine": "powershell",
      "ParentUser": "swachchhanda\\xodih"
    }
  }
}
{
  "Event": {
    "#attributes": {
      "xmlns": "http://schemas.microsoft.com/win/2004/08/events/event"
    },
    "System": {
      "Provider": {
        "#attributes": {
          "Name": "Microsoft-Windows-Sysmon",
          "Guid": "5770385F-C22A-43E0-BF4C-06F5698FFBD9"
        }
      },
      "EventID": 1,
      "Version": 5,
      "Level": 4,
      "Task": 1,
      "Opcode": 0,
      "Keywords": "0x8000000000000000",
      "TimeCreated": {
        "#attributes": {
          "SystemTime": "2026-07-10T21:27:55.074166Z"
        }
      },
      "EventRecordID": 39108,
      "Correlation": null,
      "Execution": {
        "#attributes": {
          "ProcessID": 3512,
          "ThreadID": 4068
        }
      },
      "Channel": "Microsoft-Windows-Sysmon/Operational",
      "Computer": "swachchhanda",
      "Security": {
        "#attributes": {
          "UserID": "S-1-5-18"
        }
      }
    },
    "EventData": {
      "RuleName": "-",
      "UtcTime": "2026-07-10 21:27:55.072",
      "ProcessGuid": "0197231E-63DB-6A51-5A02-000000000B00",
      "ProcessId": 428,
      "Image": "C:\\Windows\\System32\\regsvr32.exe",
      "FileVersion": "10.0.26100.2454 (WinBuild.160101.0800)",
      "Description": "Microsoft(C) Register Server",
      "Product": "Microsoft® Windows® Operating System",
      "Company": "Microsoft Corporation",
      "OriginalFileName": "REGSVR32.EXE",
      "CommandLine": "\"C:\\WINDOWS\\system32\\regsvr32.exe\" /s C:\\Windows\\Temp\\payload.zip",
      "CurrentDirectory": "C:\\Users\\xodih\\",
      "User": "swachchhanda\\xodih",
      "LogonGuid": "0197231E-60B5-6A51-A9B0-060000000000",
      "LogonId": "0x6b0a9",
      "TerminalSessionId": 1,
      "IntegrityLevel": "Medium",
      "Hashes": "MD5=97EAEA180C46B80F073B7DB69C98295E,SHA256=45AED0898DF298DB21DB5DED14A9E924DF96A50FE4C54D277614A32A3B1F4BDD,IMPHASH=B97B463A890E3AC4F4046202A545DC97",
      "ParentProcessGuid": "0197231E-633B-6A51-3A02-000000000B00",
      "ParentProcessId": 4880,
      "ParentImage": "C:\\Windows\\System32\\WindowsPowerShell\\v1.0\\powershell.exe",
      "ParentCommandLine": "powershell",
      "ParentUser": "swachchhanda\\xodih"
    }
  }
}
{
  "Event": {
    "#attributes": {
      "xmlns": "http://schemas.microsoft.com/win/2004/08/events/event"
    },
    "System": {
      "Provider": {
        "#attributes": {
          "Name": "Microsoft-Windows-Sysmon",
          "Guid": "5770385F-C22A-43E0-BF4C-06F5698FFBD9"
        }
      },
      "EventID": 1,
      "Version": 5,
      "Level": 4,
      "Task": 1,
      "Opcode": 0,
      "Keywords": "0x8000000000000000",
      "TimeCreated": {
        "#attributes": {
          "SystemTime": "2026-07-10T21:27:55.084613Z"
        }
      },
      "EventRecordID": 39109,
      "Correlation": null,
      "Execution": {
        "#attributes": {
          "ProcessID": 3512,
          "ThreadID": 4068
        }
      },
      "Channel": "Microsoft-Windows-Sysmon/Operational",
      "Computer": "swachchhanda",
      "Security": {
        "#attributes": {
          "UserID": "S-1-5-18"
        }
      }
    },
    "EventData": {
      "RuleName": "-",
      "UtcTime": "2026-07-10 21:27:55.081",
      "ProcessGuid": "0197231E-63DB-6A51-5B02-000000000B00",
      "ProcessId": 4384,
      "Image": "C:\\Windows\\System32\\regsvr32.exe",
      "FileVersion": "10.0.26100.2454 (WinBuild.160101.0800)",
      "Description": "Microsoft(C) Register Server",
      "Product": "Microsoft® Windows® Operating System",
      "Company": "Microsoft Corporation",
      "OriginalFileName": "REGSVR32.EXE",
      "CommandLine": "\"C:\\WINDOWS\\system32\\regsvr32.exe\" /s C:\\Windows\\Temp\\payload.txt",
      "CurrentDirectory": "C:\\Users\\xodih\\",
      "User": "swachchhanda\\xodih",
      "LogonGuid": "0197231E-60B5-6A51-A9B0-060000000000",
      "LogonId": "0x6b0a9",
      "TerminalSessionId": 1,
      "IntegrityLevel": "Medium",
      "Hashes": "MD5=97EAEA180C46B80F073B7DB69C98295E,SHA256=45AED0898DF298DB21DB5DED14A9E924DF96A50FE4C54D277614A32A3B1F4BDD,IMPHASH=B97B463A890E3AC4F4046202A545DC97",
      "ParentProcessGuid": "0197231E-633B-6A51-3A02-000000000B00",
      "ParentProcessId": 4880,
      "ParentImage": "C:\\Windows\\System32\\WindowsPowerShell\\v1.0\\powershell.exe",
      "ParentCommandLine": "powershell",
      "ParentUser": "swachchhanda\\xodih"
    }
  }
}
{
  "Event": {
    "#attributes": {
      "xmlns": "http://schemas.microsoft.com/win/2004/08/events/event"
    },
    "System": {
      "Provider": {
        "#attributes": {
          "Name": "Microsoft-Windows-Sysmon",
          "Guid": "5770385F-C22A-43E0-BF4C-06F5698FFBD9"
        }
      },
      "EventID": 1,
      "Version": 5,
      "Level": 4,
      "Task": 1,
      "Opcode": 0,
      "Keywords": "0x8000000000000000",
      "TimeCreated": {
        "#attributes": {
          "SystemTime": "2026-07-10T21:27:55.090696Z"
        }
      },
      "EventRecordID": 39110,
      "Correlation": null,
      "Execution": {
        "#attributes": {
          "ProcessID": 3512,
          "ThreadID": 4068
        }
      },
      "Channel": "Microsoft-Windows-Sysmon/Operational",
      "Computer": "swachchhanda",
      "Security": {
        "#attributes": {
          "UserID": "S-1-5-18"
        }
      }
    },
    "EventData": {
      "RuleName": "-",
      "UtcTime": "2026-07-10 21:27:55.088",
      "ProcessGuid": "0197231E-63DB-6A51-5C02-000000000B00",
      "ProcessId": 8084,
      "Image": "C:\\Windows\\System32\\regsvr32.exe",
      "FileVersion": "10.0.26100.2454 (WinBuild.160101.0800)",
      "Description": "Microsoft(C) Register Server",
      "Product": "Microsoft® Windows® Operating System",
      "Company": "Microsoft Corporation",
      "OriginalFileName": "REGSVR32.EXE",
      "CommandLine": "\"C:\\WINDOWS\\system32\\regsvr32.exe\" /s C:\\Windows\\Temp\\payload.dat",
      "CurrentDirectory": "C:\\Users\\xodih\\",
      "User": "swachchhanda\\xodih",
      "LogonGuid": "0197231E-60B5-6A51-A9B0-060000000000",
      "LogonId": "0x6b0a9",
      "TerminalSessionId": 1,
      "IntegrityLevel": "Medium",
      "Hashes": "MD5=97EAEA180C46B80F073B7DB69C98295E,SHA256=45AED0898DF298DB21DB5DED14A9E924DF96A50FE4C54D277614A32A3B1F4BDD,IMPHASH=B97B463A890E3AC4F4046202A545DC97",
      "ParentProcessGuid": "0197231E-633B-6A51-3A02-000000000B00",
      "ParentProcessId": 4880,
      "ParentImage": "C:\\Windows\\System32\\WindowsPowerShell\\v1.0\\powershell.exe",
      "ParentCommandLine": "powershell",
      "ParentUser": "swachchhanda\\xodih"
    }
  }
}
{
  "Event": {
    "#attributes": {
      "xmlns": "http://schemas.microsoft.com/win/2004/08/events/event"
    },
    "System": {
      "Provider": {
        "#attributes": {
          "Name": "Microsoft-Windows-Sysmon",
          "Guid": "5770385F-C22A-43E0-BF4C-06F5698FFBD9"
        }
      },
      "EventID": 1,
      "Version": 5,
      "Level": 4,
      "Task": 1,
      "Opcode": 0,
      "Keywords": "0x8000000000000000",
      "TimeCreated": {
        "#attributes": {
          "SystemTime": "2026-07-10T21:27:55.097472Z"
        }
      },
      "EventRecordID": 39111,
      "Correlation": null,
      "Execution": {
        "#attributes": {
          "ProcessID": 3512,
          "ThreadID": 4068
        }
      },
      "Channel": "Microsoft-Windows-Sysmon/Operational",
      "Computer": "swachchhanda",
      "Security": {
        "#attributes": {
          "UserID": "S-1-5-18"
        }
      }
    },
    "EventData": {
      "RuleName": "-",
      "UtcTime": "2026-07-10 21:27:55.095",
      "ProcessGuid": "0197231E-63DB-6A51-5D02-000000000B00",
      "ProcessId": 1992,
      "Image": "C:\\Windows\\System32\\regsvr32.exe",
      "FileVersion": "10.0.26100.2454 (WinBuild.160101.0800)",
      "Description": "Microsoft(C) Register Server",
      "Product": "Microsoft® Windows® Operating System",
      "Company": "Microsoft Corporation",
      "OriginalFileName": "REGSVR32.EXE",
      "CommandLine": "\"C:\\WINDOWS\\system32\\regsvr32.exe\" /s C:\\Windows\\Temp\\payload.tmp",
      "CurrentDirectory": "C:\\Users\\xodih\\",
      "User": "swachchhanda\\xodih",
      "LogonGuid": "0197231E-60B5-6A51-A9B0-060000000000",
      "LogonId": "0x6b0a9",
      "TerminalSessionId": 1,
      "IntegrityLevel": "Medium",
      "Hashes": "MD5=97EAEA180C46B80F073B7DB69C98295E,SHA256=45AED0898DF298DB21DB5DED14A9E924DF96A50FE4C54D277614A32A3B1F4BDD,IMPHASH=B97B463A890E3AC4F4046202A545DC97",
      "ParentProcessGuid": "0197231E-633B-6A51-3A02-000000000B00",
      "ParentProcessId": 4880,
      "ParentImage": "C:\\Windows\\System32\\WindowsPowerShell\\v1.0\\powershell.exe",
      "ParentCommandLine": "powershell",
      "ParentUser": "swachchhanda\\xodih"
    }
  }
}
